<?xml version="1.0" encoding="UTF-8"?>
<testng-results skipped="0" failed="1" ignored="0" total="1" passed="0">
  <reporter-output>
    <line>
      <![CDATA[App installed successfully]]>
    </line>
    <line>
      <![CDATA[Tutorial Page is browsed]]>
    </line>
    <line>
      <![CDATA[select country and language]]>
    </line>
    <line>
      <![CDATA[My account page is opened]]>
    </line>
    <line>
      <![CDATA[Update profile test case is done]]>
    </line>
    <line>
      <![CDATA[My account page is opened]]>
    </line>
  </reporter-output>
  <suite name="Default suite" duration-ms="136211" started-at="2018-10-11T05:34:56Z" finished-at="2018-10-11T05:37:12Z">
    <groups>
    </groups>
    <test name="Default test" duration-ms="136211" started-at="2018-10-11T05:34:56Z" finished-at="2018-10-11T05:37:12Z">
      <class name="tester.HampurgerMenuSelection">
        <test-method status="FAIL" signature="test_case_luncher()[pri:0, instance:tester.HampurgerMenuSelection@56f4468b]" name="test_case_luncher" duration-ms="136190" started-at="2018-10-11T05:34:56Z" description="Hamburger menu options" finished-at="2018-10-11T05:37:12Z">
          <exception class="java.lang.IndexOutOfBoundsException">
            <message>
              <![CDATA[Index: 2, Size: 0]]>
            </message>
            <full-stacktrace>
              <![CDATA[java.lang.IndexOutOfBoundsException: Index: 2, Size: 0
at java.util.ArrayList.rangeCheck(Unknown Source)
at java.util.ArrayList.get(Unknown Source)
at tester.MyAddressesTestCase.addressesListItem(MyAddressesTestCase.java:152)
at tester.MyAddressesTestCase.select_address_to_update(MyAddressesTestCase.java:139)
at tester.MyAddressesTestCase.update_address(MyAddressesTestCase.java:109)
at tester.MyAddressesTestCase.test_case_luncher(MyAddressesTestCase.java:25)
at tester.HampurgerMenuSelection.Addresses(HampurgerMenuSelection.java:98)
at tester.HampurgerMenuSelection.test_case_luncher(HampurgerMenuSelection.java:31)
at sun.reflect.NativeMethodAccessorImpl.invoke0(Native Method)
at sun.reflect.NativeMethodAccessorImpl.invoke(Unknown Source)
at sun.reflect.DelegatingMethodAccessorImpl.invoke(Unknown Source)
at java.lang.reflect.Method.invoke(Unknown Source)
at org.testng.internal.MethodInvocationHelper.invokeMethod(MethodInvocationHelper.java:124)
at org.testng.internal.Invoker.invokeMethod(Invoker.java:580)
at org.testng.internal.Invoker.invokeTestMethod(Invoker.java:716)
at org.testng.internal.Invoker.invokeTestMethods(Invoker.java:988)
at org.testng.internal.TestMethodWorker.invokeTestMethods(TestMethodWorker.java:125)
at org.testng.internal.TestMethodWorker.run(TestMethodWorker.java:109)
at org.testng.TestRunner.privateRun(TestRunner.java:648)
at org.testng.TestRunner.run(TestRunner.java:505)
at org.testng.SuiteRunner.runTest(SuiteRunner.java:455)
at org.testng.SuiteRunner.runSequentially(SuiteRunner.java:450)
at org.testng.SuiteRunner.privateRun(SuiteRunner.java:415)
at org.testng.SuiteRunner.run(SuiteRunner.java:364)
at org.testng.SuiteRunnerWorker.runSuite(SuiteRunnerWorker.java:52)
at org.testng.SuiteRunnerWorker.run(SuiteRunnerWorker.java:84)
at org.testng.TestNG.runSuitesSequentially(TestNG.java:1208)
at org.testng.TestNG.runSuitesLocally(TestNG.java:1137)
at org.testng.TestNG.runSuites(TestNG.java:1049)
at org.testng.TestNG.run(TestNG.java:1017)
at org.testng.remote.AbstractRemoteTestNG.run(AbstractRemoteTestNG.java:114)
at org.testng.remote.RemoteTestNG.initAndRun(RemoteTestNG.java:251)
at org.testng.remote.RemoteTestNG.main(RemoteTestNG.java:77)
]]>
            </full-stacktrace>
          </exception> <!-- java.lang.IndexOutOfBoundsException -->
          <reporter-output>
            <line>
              <![CDATA[App installed successfully]]>
            </line>
            <line>
              <![CDATA[Tutorial Page is browsed]]>
            </line>
            <line>
              <![CDATA[select country and language]]>
            </line>
            <line>
              <![CDATA[My account page is opened]]>
            </line>
            <line>
              <![CDATA[Update profile test case is done]]>
            </line>
            <line>
              <![CDATA[My account page is opened]]>
            </line>
          </reporter-output>
        </test-method> <!-- test_case_luncher -->
      </class> <!-- tester.HampurgerMenuSelection -->
    </test> <!-- Default test -->
  </suite> <!-- Default suite -->
</testng-results>
